<?xml version="1.0" encoding="UTF-8"?>
<!-- Generated by org.testng.reporters.JUnitXMLReporter -->
<testsuite ignored="0" hostname="LAPTOP-RGJ7BN2T" failures="0" tests="5" name="Hybrid Framework Implementation" time="69.324" errors="0" timestamp="14 Nov 2020 02:09:42 GMT">
  <testcase classname="testCasesV1.TC_LoginTest3" name="loginDDT" time="15.446"/>
  <testcase classname="testCasesV1.TC_LoginTest3" name="loginDDT" time="11.509"/>
  <testcase classname="testCasesV1.TC_LoginTest3" name="loginDDT" time="10.827"/>
  <testcase classname="testCasesV1.TC_LoginTest3" name="loginDDT" time="10.293"/>
  <testcase classname="testCasesV1.TC_LoginTest3" name="loginDDT" time="11.635"/>
</testsuite> <!-- Hybrid Framework Implementation -->
