<?xml version="1.0" encoding="UTF-8"?>
<testng-results ignored="0" total="5" passed="5" failed="0" skipped="0">
  <reporter-output>
  </reporter-output>
  <suite started-at="2020-11-14T02:08:33Z" name="HybridFramework" finished-at="2020-11-14T02:09:42Z" duration-ms="69324">
    <groups>
    </groups>
    <test started-at="2020-11-14T02:08:33Z" name="Hybrid Framework Implementation" finished-at="2020-11-14T02:09:42Z" duration-ms="69324">
      <class name="testCasesV1.TC_LoginTest3">
        <test-method is-config="true" signature="setup(java.lang.String)[pri:0, instance:testCasesV1.TC_LoginTest3@222545dc]" started-at="2020-11-14T02:08:33Z" name="setup" finished-at="2020-11-14T02:08:41Z" duration-ms="7700" status="PASS">
          <params>
            <param index="0">
              <value>
                <![CDATA[chrome]]>
              </value>
            </param>
          </params>
          <reporter-output>
          </reporter-output>
        </test-method> <!-- setup -->
        <test-method signature="loginDDT(java.lang.String, java.lang.String, java.lang.String)[pri:0, instance:testCasesV1.TC_LoginTest3@222545dc]" started-at="2020-11-14T02:08:42Z" name="loginDDT" data-provider="LoginData" finished-at="2020-11-14T02:08:58Z" duration-ms="15446" status="PASS">
          <params>
            <param index="0">
              <value>
                <![CDATA[mngr293379]]>
              </value>
            </param>
            <param index="1">
              <value>
                <![CDATA[hudUnEv]]>
              </value>
            </param>
            <param index="2">
              <value>
                <![CDATA[Test1]]>
              </value>
            </param>
          </params>
          <reporter-output>
          </reporter-output>
        </test-method> <!-- loginDDT -->
        <test-method signature="loginDDT(java.lang.String, java.lang.String, java.lang.String)[pri:0, instance:testCasesV1.TC_LoginTest3@222545dc]" started-at="2020-11-14T02:08:58Z" name="loginDDT" data-provider="LoginData" finished-at="2020-11-14T02:09:09Z" duration-ms="11509" status="PASS">
          <params>
            <param index="0">
              <value>
                <![CDATA[mngr293379]]>
              </value>
            </param>
            <param index="1">
              <value>
                <![CDATA[hudUnEv]]>
              </value>
            </param>
            <param index="2">
              <value>
                <![CDATA[Test2]]>
              </value>
            </param>
          </params>
          <reporter-output>
          </reporter-output>
        </test-method> <!-- loginDDT -->
        <test-method signature="loginDDT(java.lang.String, java.lang.String, java.lang.String)[pri:0, instance:testCasesV1.TC_LoginTest3@222545dc]" started-at="2020-11-14T02:09:09Z" name="loginDDT" data-provider="LoginData" finished-at="2020-11-14T02:09:20Z" duration-ms="10827" status="PASS">
          <params>
            <param index="0">
              <value>
                <![CDATA[mngr293379]]>
              </value>
            </param>
            <param index="1">
              <value>
                <![CDATA[hudUnEv]]>
              </value>
            </param>
            <param index="2">
              <value>
                <![CDATA[Test3]]>
              </value>
            </param>
          </params>
          <reporter-output>
          </reporter-output>
        </test-method> <!-- loginDDT -->
        <test-method signature="loginDDT(java.lang.String, java.lang.String, java.lang.String)[pri:0, instance:testCasesV1.TC_LoginTest3@222545dc]" started-at="2020-11-14T02:09:20Z" name="loginDDT" data-provider="LoginData" finished-at="2020-11-14T02:09:30Z" duration-ms="10293" status="PASS">
          <params>
            <param index="0">
              <value>
                <![CDATA[mngr293379]]>
              </value>
            </param>
            <param index="1">
              <value>
                <![CDATA[hudUnEv]]>
              </value>
            </param>
            <param index="2">
              <value>
                <![CDATA[Test4]]>
              </value>
            </param>
          </params>
          <reporter-output>
          </reporter-output>
        </test-method> <!-- loginDDT -->
        <test-method signature="loginDDT(java.lang.String, java.lang.String, java.lang.String)[pri:0, instance:testCasesV1.TC_LoginTest3@222545dc]" started-at="2020-11-14T02:09:30Z" name="loginDDT" data-provider="LoginData" finished-at="2020-11-14T02:09:42Z" duration-ms="11635" status="PASS">
          <params>
            <param index="0">
              <value>
                <![CDATA[mngr293379]]>
              </value>
            </param>
            <param index="1">
              <value>
                <![CDATA[hudUnEv]]>
              </value>
            </param>
            <param index="2">
              <value>
                <![CDATA[Test5]]>
              </value>
            </param>
          </params>
          <reporter-output>
          </reporter-output>
        </test-method> <!-- loginDDT -->
        <test-method is-config="true" signature="tearDown()[pri:0, instance:testCasesV1.TC_LoginTest3@222545dc]" started-at="2020-11-14T02:09:42Z" name="tearDown" finished-at="2020-11-14T02:09:42Z" duration-ms="601" status="PASS">
          <reporter-output>
          </reporter-output>
        </test-method> <!-- tearDown -->
      </class> <!-- testCasesV1.TC_LoginTest3 -->
    </test> <!-- Hybrid Framework Implementation -->
  </suite> <!-- HybridFramework -->
</testng-results>
