<?xml version="1.0" encoding="UTF-8"?>
<testng-results ignored="0" total="5" passed="5" failed="0" skipped="0">
  <reporter-output>
  </reporter-output>
  <suite started-at="2020-11-13T01:15:09Z" name="HybridFramework" finished-at="2020-11-13T01:16:06Z" duration-ms="56772">
    <groups>
    </groups>
    <test started-at="2020-11-13T01:15:09Z" name="Hybrid Framework Implementation" finished-at="2020-11-13T01:16:06Z" duration-ms="56772">
      <class name="testCasesV1.TC_LoginTest3">
        <test-method is-config="true" signature="setup(java.lang.String)[pri:0, instance:testCasesV1.TC_LoginTest3@76ed1b7c]" started-at="2020-11-13T01:15:09Z" name="setup" finished-at="2020-11-13T01:15:16Z" duration-ms="7171" status="PASS">
          <params>
            <param index="0">
              <value>
                <![CDATA[chrome]]>
              </value>
            </param>
          </params>
          <reporter-output>
          </reporter-output>
        </test-method> <!-- setup -->
        <test-method signature="loginDDT(java.lang.String, java.lang.String, java.lang.String)[pri:0, instance:testCasesV1.TC_LoginTest3@76ed1b7c]" started-at="2020-11-13T01:15:17Z" name="loginDDT" data-provider="LoginData" finished-at="2020-11-13T01:15:26Z" duration-ms="8959" status="PASS">
          <params>
            <param index="0">
              <value>
                <![CDATA[mngr293379]]>
              </value>
            </param>
            <param index="1">
              <value>
                <![CDATA[hudUnEv]]>
              </value>
            </param>
            <param index="2">
              <value>
                <![CDATA[Test1]]>
              </value>
            </param>
          </params>
          <reporter-output>
          </reporter-output>
        </test-method> <!-- loginDDT -->
        <test-method signature="loginDDT(java.lang.String, java.lang.String, java.lang.String)[pri:0, instance:testCasesV1.TC_LoginTest3@76ed1b7c]" started-at="2020-11-13T01:15:26Z" name="loginDDT" data-provider="LoginData" finished-at="2020-11-13T01:15:35Z" duration-ms="9058" status="PASS">
          <params>
            <param index="0">
              <value>
                <![CDATA[mngr293379]]>
              </value>
            </param>
            <param index="1">
              <value>
                <![CDATA[hudUnEv]]>
              </value>
            </param>
            <param index="2">
              <value>
                <![CDATA[Test2]]>
              </value>
            </param>
          </params>
          <reporter-output>
          </reporter-output>
        </test-method> <!-- loginDDT -->
        <test-method signature="loginDDT(java.lang.String, java.lang.String, java.lang.String)[pri:0, instance:testCasesV1.TC_LoginTest3@76ed1b7c]" started-at="2020-11-13T01:15:35Z" name="loginDDT" data-provider="LoginData" finished-at="2020-11-13T01:15:46Z" duration-ms="11045" status="PASS">
          <params>
            <param index="0">
              <value>
                <![CDATA[mngr293379]]>
              </value>
            </param>
            <param index="1">
              <value>
                <![CDATA[hudUnEv]]>
              </value>
            </param>
            <param index="2">
              <value>
                <![CDATA[Test3]]>
              </value>
            </param>
          </params>
          <reporter-output>
          </reporter-output>
        </test-method> <!-- loginDDT -->
        <test-method signature="loginDDT(java.lang.String, java.lang.String, java.lang.String)[pri:0, instance:testCasesV1.TC_LoginTest3@76ed1b7c]" started-at="2020-11-13T01:15:46Z" name="loginDDT" data-provider="LoginData" finished-at="2020-11-13T01:15:57Z" duration-ms="10294" status="PASS">
          <params>
            <param index="0">
              <value>
                <![CDATA[mngr293379]]>
              </value>
            </param>
            <param index="1">
              <value>
                <![CDATA[hudUnEv]]>
              </value>
            </param>
            <param index="2">
              <value>
                <![CDATA[Test4]]>
              </value>
            </param>
          </params>
          <reporter-output>
          </reporter-output>
        </test-method> <!-- loginDDT -->
        <test-method signature="loginDDT(java.lang.String, java.lang.String, java.lang.String)[pri:0, instance:testCasesV1.TC_LoginTest3@76ed1b7c]" started-at="2020-11-13T01:15:57Z" name="loginDDT" data-provider="LoginData" finished-at="2020-11-13T01:16:05Z" duration-ms="8625" status="PASS">
          <params>
            <param index="0">
              <value>
                <![CDATA[mngr293379]]>
              </value>
            </param>
            <param index="1">
              <value>
                <![CDATA[hudUnEv]]>
              </value>
            </param>
            <param index="2">
              <value>
                <![CDATA[Test5]]>
              </value>
            </param>
          </params>
          <reporter-output>
          </reporter-output>
        </test-method> <!-- loginDDT -->
        <test-method is-config="true" signature="tearDown()[pri:0, instance:testCasesV1.TC_LoginTest3@76ed1b7c]" started-at="2020-11-13T01:16:05Z" name="tearDown" finished-at="2020-11-13T01:16:06Z" duration-ms="641" status="PASS">
          <reporter-output>
          </reporter-output>
        </test-method> <!-- tearDown -->
      </class> <!-- testCasesV1.TC_LoginTest3 -->
    </test> <!-- Hybrid Framework Implementation -->
  </suite> <!-- HybridFramework -->
</testng-results>
