<?xml version="1.0" encoding="UTF-8"?>
<!-- Generated by org.testng.reporters.JUnitXMLReporter -->
<testsuite ignored="0" hostname="LAPTOP-RGJ7BN2T" failures="0" tests="5" name="Hybrid Framework Implementation" time="56.772" errors="0" timestamp="13 Nov 2020 01:16:06 GMT">
  <testcase classname="testCasesV1.TC_LoginTest3" name="loginDDT" time="8.959"/>
  <testcase classname="testCasesV1.TC_LoginTest3" name="loginDDT" time="9.058"/>
  <testcase classname="testCasesV1.TC_LoginTest3" name="loginDDT" time="11.045"/>
  <testcase classname="testCasesV1.TC_LoginTest3" name="loginDDT" time="10.294"/>
  <testcase classname="testCasesV1.TC_LoginTest3" name="loginDDT" time="8.625"/>
</testsuite> <!-- Hybrid Framework Implementation -->
